2024-05-23 22:04:15,741 DEBUG:Starting the main async loop.
2024-05-23 22:04:15,748 DEBUG:Using proactor: IocpProactor
2024-05-23 22:04:15,749 DEBUG:Connecting to the mail server.
2024-05-23 22:04:16,191 DEBUG:Logged in to the mail server.
2024-05-23 22:04:16,368 DEBUG:Found 0 emails.
2024-05-23 22:04:26,378 DEBUG:Connecting to the mail server.
2024-05-23 22:04:26,614 DEBUG:Logged in to the mail server.
2024-05-23 22:04:26,722 DEBUG:Found 1 emails.
2024-05-23 22:04:27,669 DEBUG:Fetching email ID b'6': OK
2024-05-23 22:04:27,723 DEBUG:Found audio attachment: audio/mpeg
2024-05-23 22:04:27,761 DEBUG:Starting transcription for audio.wav.
2024-05-23 22:04:55,365 DEBUG:Transcription result:  Elke minuteel terwijm vrucht dat daar hoe snel we de voetig positieëneren. Hoe groot het de pak als is. Door AI gaat de opsporing steeds beter en sneller. We hebben een applicatie die op basis van een foto kan herkennen of deze tablet wel eerder opgestuurd naar het energie. Maar er is discussie over AI bij gezicht herkening, want daar experimenteert de politieal mee. Dat is om te keren volgaren. Hier is er goede werd nodig, hier het mogelijk maat. Die werd is er een dag niet. Gaat de opsporing niet al te ver als er geen wetten zijn en onschuldige mensen het slacht over worden. Dit zijn exesie-tabletten die door de politie in mijn slacht zijn genomen. En die worden naar het energie-opgestuurd zodat we er hier onderzoek aan kunnen doen. Dit soort onderzoek doet het Nederlandse Forensies Institut steeds vaker met kunstmatige intelligentsie. We hebben een applicatie ontwikkeld die op basis van een foto van deze tablet kan herkennen of deze tablet met dezelfde uiterlijke kenmerkale eerder is voorgekomen in zaakonderzoek of eerder is opgestuurd naar het energie. De nul zette tablet nu op de foto. De doet hier met een microscope. En vervolgens kan hier de foto van deze tablet dan uploaden in de applicatie die we hier hebben ontwikkeld. Wat heb je uiteindelijk aan die informatie? Als we weten dat tablet met dezelfde uiterlijke kenmerk op meerderen plekken zijn voorgekomen, voor meerderen zaken zijn voorgekomen, dan is er misschien wel een verbant tussen die zaken. Dat helpt de politie dan weer om slimmeren opsporing te kunnen doen. De politie experimenteert al met AI bijvoorbeeld om sneller en gerichter in dorschees te zoeken. Dat doen we met een toel dat het aan Samantha zoeken. Dat is een stukje AI. Wij hebben zoeken naar woorden die in de tekstreliteit zijn in elkaar. Dus voor een mess is ook een steekwapen, een zwaart, een dolk. Ze zijn allemaal woorden die in Nederlandse tekstrelateren gerelateerd zijn. Omdat we vaak niet weten hoe een stuk tekst is opgeschreven in een cult-castocé is soms heel lastig om heel snel tot saakstiezen. AI gaat ook helpen in het politiewerk op straat. Bijvoorbeeld om politieauto zo effectief mogelijk achter verdachte aan te sturen. Elke minuteel terwijm vluchtend dagen, hoe snel we de voetijge positioneeren, hoe groot het de pak kan zijn. Dus hoe lang we wachten hoe verder een dagen kan zijn. Nu in een handmatig situatie is dat nu vluit de meldkamer, dat alle voetijge afzonderlijk echt plaats moeten worden. En die moet het adres doorgeven aan, daar gent die dan daarheen moet. De AI-toel kijkt straks waar de politieauto's rijden en bedenkt de beste route en bestemming om de verdachte te kunnen stoppen. Wat het systeem doet is dat die dus een optimalisatiebrekening doet in hoe snel kan dit voetijge daar zijn. En wat zet we dan daarmee dicht? Dat iedereen dus een positie krijgt en een verwachtaarheid mee krijgt. Die manierprobeerde alles strategische wegen en dicht te zetten.
2024-05-23 22:04:55,366 DEBUG:Entering: send_voice
2024-05-23 22:04:55,437 DEBUG:Starting new HTTPS connection (1): api.telegram.org
2024-05-23 22:04:57,206 DEBUG:https://api.telegram.org:443 "POST /bot6822832842:AAF62f0YTryeRcfGNtu0gP-kuTrW6eAQfSI/sendVoice HTTP/1.1" 200 1471
2024-05-23 22:04:57,207 DEBUG:{'message_id': 541, 'date': 1716494650, 'chat': {'id': -4185436437, 'type': 'group', 'title': 'Thuis', 'all_members_are_administrators': True}, 'entities': [], 'caption_entities': [], 'photo': [], 'voice': {'file_id': 'AwACAgQAAxkDAAICHWZPoTo3WDIM9h2PS4dUyEpF6JH8AAI8FAACIYmBUvRaX9cq3bMTNQQ', 'file_unique_id': 'AgADPBQAAiGJgVI', 'duration': 0, 'mime_type': 'audio/ogg', 'file_size': 2672352}, 'caption': 'Subject: [PBX] New message for mailbox 9000\nEmail Text: Teskst\nasd\nasd\nasd\nasdasdasdas\nd\n\nasdddddddddddddddddddddddddddddddddddddd\n\nTranscription:  Elke minuteel terwijm vrucht dat daar hoe snel we de voetig positieëneren. Hoe groot het de pak als is. Door AI gaat de opsporing steeds beter en sneller. We hebben een applicatie die op basis van een foto kan herkennen of deze tablet wel eerder opgestuurd naar het energie. Maar er is discussie over AI bij gezicht herkening, want daar experimenteert de politieal mee. Dat is om te keren volgaren. Hier is er goede werd nodig, hier het mogelijk maat. Die werd is er een dag niet. Gaat de opsporing niet al te ver als er geen wetten zijn en onschuldige mensen het slacht over worden. Dit zijn exesie-tabletten die door de politie in mijn slacht zijn genomen. En die worden naar het energie-opgestuurd zodat we er hier onderzoek aan kunnen doen. Dit soort onderzoek doet het Nederlandse Forensies Institut steeds vaker met kunstmatige intelligentsie. We hebben een appl', 'new_chat_members': [], 'new_chat_photo': [], 'delete_chat_photo': False, 'group_chat_created': False, 'supergroup_chat_created': False, 'channel_chat_created': False, 'from': {'id': 6822832842, 'first_name': 'Thuis305', 'is_bot': True, 'username': 'Thuis305_bot'}}
2024-05-23 22:04:57,208 DEBUG:Exiting: send_voice
2024-05-23 22:04:57,209 ERROR:General Error on part 1: object Message can't be used in 'await' expression
2024-05-23 22:04:57,210 DEBUG:Entering: send_voice
2024-05-23 22:04:58,773 DEBUG:https://api.telegram.org:443 "POST /bot6822832842:AAF62f0YTryeRcfGNtu0gP-kuTrW6eAQfSI/sendVoice HTTP/1.1" 200 1464
2024-05-23 22:04:58,774 DEBUG:{'message_id': 542, 'date': 1716494652, 'chat': {'id': -4185436437, 'type': 'group', 'title': 'Thuis', 'all_members_are_administrators': True}, 'entities': [], 'caption_entities': [], 'photo': [], 'voice': {'file_id': 'AwACAgQAAxkDAAICHmZPoTsR63irFkf1mJr6cs0CftN2AAI9FAACIYmBUsbpjbBqD6VwNQQ', 'file_unique_id': 'AgADPRQAAiGJgVI', 'duration': 0, 'mime_type': 'audio/ogg', 'file_size': 2672352}, 'caption': 'icatie ontwikkeld die op basis van een foto van deze tablet kan herkennen of deze tablet met dezelfde uiterlijke kenmerkale eerder is voorgekomen in zaakonderzoek of eerder is opgestuurd naar het energie. De nul zette tablet nu op de foto. De doet hier met een microscope. En vervolgens kan hier de foto van deze tablet dan uploaden in de applicatie die we hier hebben ontwikkeld. Wat heb je uiteindelijk aan die informatie? Als we weten dat tablet met dezelfde uiterlijke kenmerk op meerderen plekken zijn voorgekomen, voor meerderen zaken zijn voorgekomen, dan is er misschien wel een verbant tussen die zaken. Dat helpt de politie dan weer om slimmeren opsporing te kunnen doen. De politie experimenteert al met AI bijvoorbeeld om sneller en gerichter in dorschees te zoeken. Dat doen we met een toel dat het aan Samantha zoeken. Dat is een stukje AI. Wij hebben zoeken naar woorden die in de tekstreliteit zijn in elkaar. Dus voor een mess is ook een steekwapen, een zwaart, een dolk. Ze zijn allemaal woorden die in Ned', 'new_chat_members': [], 'new_chat_photo': [], 'delete_chat_photo': False, 'group_chat_created': False, 'supergroup_chat_created': False, 'channel_chat_created': False, 'from': {'id': 6822832842, 'first_name': 'Thuis305', 'is_bot': True, 'username': 'Thuis305_bot'}}
2024-05-23 22:04:58,775 DEBUG:Exiting: send_voice
2024-05-23 22:04:58,777 ERROR:General Error on part 2: object Message can't be used in 'await' expression
2024-05-23 22:04:58,779 DEBUG:Entering: send_voice
2024-05-23 22:05:00,276 DEBUG:https://api.telegram.org:443 "POST /bot6822832842:AAF62f0YTryeRcfGNtu0gP-kuTrW6eAQfSI/sendVoice HTTP/1.1" 200 1469
2024-05-23 22:05:00,278 DEBUG:{'message_id': 543, 'date': 1716494653, 'chat': {'id': -4185436437, 'type': 'group', 'title': 'Thuis', 'all_members_are_administrators': True}, 'entities': [], 'caption_entities': [], 'photo': [], 'voice': {'file_id': 'AwACAgQAAxkDAAICH2ZPoT0twTbesp1eWIgq_tjgfdVnAAI-FAACIYmBUnjeuGIV0JXpNQQ', 'file_unique_id': 'AgADPhQAAiGJgVI', 'duration': 0, 'mime_type': 'audio/ogg', 'file_size': 2672352}, 'caption': "erlandse tekstrelateren gerelateerd zijn. Omdat we vaak niet weten hoe een stuk tekst is opgeschreven in een cult-castocé is soms heel lastig om heel snel tot saakstiezen. AI gaat ook helpen in het politiewerk op straat. Bijvoorbeeld om politieauto zo effectief mogelijk achter verdachte aan te sturen. Elke minuteel terwijm vluchtend dagen, hoe snel we de voetijge positioneeren, hoe groot het de pak kan zijn. Dus hoe lang we wachten hoe verder een dagen kan zijn. Nu in een handmatig situatie is dat nu vluit de meldkamer, dat alle voetijge afzonderlijk echt plaats moeten worden. En die moet het adres doorgeven aan, daar gent die dan daarheen moet. De AI-toel kijkt straks waar de politieauto's rijden en bedenkt de beste route en bestemming om de verdachte te kunnen stoppen. Wat het systeem doet is dat die dus een optimalisatiebrekening doet in hoe snel kan dit voetijge daar zijn. En wat zet we dan daarmee dicht? Dat iedereen dus een positie krijgt en een verwachtaarheid mee krijgt. Die manierprobeerde alles stra", 'new_chat_members': [], 'new_chat_photo': [], 'delete_chat_photo': False, 'group_chat_created': False, 'supergroup_chat_created': False, 'channel_chat_created': False, 'from': {'id': 6822832842, 'first_name': 'Thuis305', 'is_bot': True, 'username': 'Thuis305_bot'}}
2024-05-23 22:05:00,279 DEBUG:Exiting: send_voice
2024-05-23 22:05:00,281 ERROR:General Error on part 3: object Message can't be used in 'await' expression
2024-05-23 22:05:00,284 DEBUG:Entering: send_voice
2024-05-23 22:05:01,937 DEBUG:https://api.telegram.org:443 "POST /bot6822832842:AAF62f0YTryeRcfGNtu0gP-kuTrW6eAQfSI/sendVoice HTTP/1.1" 200 474
2024-05-23 22:05:01,938 DEBUG:{'message_id': 544, 'date': 1716494655, 'chat': {'id': -4185436437, 'type': 'group', 'title': 'Thuis', 'all_members_are_administrators': True}, 'entities': [], 'caption_entities': [], 'photo': [], 'voice': {'file_id': 'AwACAgQAAxkDAAICIGZPoT-bfUo9ntB4xjNx__nhC_7cAAI_FAACIYmBUtpHp5KpRxTvNQQ', 'file_unique_id': 'AgADPxQAAiGJgVI', 'duration': 0, 'mime_type': 'audio/ogg', 'file_size': 2672352}, 'caption': 'tegische wegen en dicht te zetten.', 'new_chat_members': [], 'new_chat_photo': [], 'delete_chat_photo': False, 'group_chat_created': False, 'supergroup_chat_created': False, 'channel_chat_created': False, 'from': {'id': 6822832842, 'first_name': 'Thuis305', 'is_bot': True, 'username': 'Thuis305_bot'}}
2024-05-23 22:05:01,939 DEBUG:Exiting: send_voice
2024-05-23 22:05:01,939 ERROR:General Error on part 4: object Message can't be used in 'await' expression
2024-05-23 22:05:01,983 DEBUG:Marked email ID b'6' as seen.
2024-05-23 22:05:01,987 DEBUG:Deleted temporary audio file.
2024-05-23 22:05:12,001 DEBUG:Connecting to the mail server.
2024-05-23 22:05:12,247 DEBUG:Logged in to the mail server.
2024-05-23 22:05:12,347 DEBUG:Found 0 emails.
2024-05-23 22:05:22,358 DEBUG:Connecting to the mail server.
2024-05-23 22:05:22,572 DEBUG:Logged in to the mail server.
2024-05-23 22:05:22,664 DEBUG:Found 0 emails.
2024-05-23 22:05:32,682 DEBUG:Connecting to the mail server.
2024-05-23 22:05:32,906 DEBUG:Logged in to the mail server.
2024-05-23 22:05:33,002 DEBUG:Found 0 emails.
2024-05-23 22:05:43,008 DEBUG:Connecting to the mail server.
2024-05-23 22:05:43,241 DEBUG:Logged in to the mail server.
2024-05-23 22:05:43,372 DEBUG:Found 0 emails.
2024-05-23 22:05:53,387 DEBUG:Connecting to the mail server.
2024-05-23 22:05:53,640 DEBUG:Logged in to the mail server.
2024-05-23 22:05:53,728 DEBUG:Found 0 emails.
2024-05-23 22:06:03,734 DEBUG:Connecting to the mail server.
2024-05-23 22:06:03,935 DEBUG:Logged in to the mail server.
2024-05-23 22:06:04,034 DEBUG:Found 0 emails.
2024-05-23 22:06:24,292 DEBUG:Starting the main async loop.
2024-05-23 22:06:24,300 DEBUG:Using proactor: IocpProactor
2024-05-23 22:06:24,301 DEBUG:Connecting to the mail server.
2024-05-23 22:06:24,548 DEBUG:Logged in to the mail server.
2024-05-23 22:06:24,632 DEBUG:Found 0 emails.
2024-05-23 22:06:34,635 DEBUG:Connecting to the mail server.
2024-05-23 22:06:34,846 DEBUG:Logged in to the mail server.
2024-05-23 22:06:34,949 DEBUG:Found 1 emails.
2024-05-23 22:06:36,027 DEBUG:Fetching email ID b'6': OK
2024-05-23 22:06:36,080 DEBUG:Found audio attachment: audio/mpeg
2024-05-23 22:06:36,119 DEBUG:Starting transcription for audio.wav.
2024-05-23 22:07:03,604 DEBUG:Transcription result:  Elke minuteel terwijm vrucht dat daar hoe snel we de voetig positieëneren. Hoe groot het de pak als is. Door AI gaat de opsporing steeds beter en sneller. We hebben een applicatie die op basis van een foto kan herkennen of deze tablet wel eerder opgestuurd naar het energie. Maar er is discussie over AI bij gezicht herkening, want daar experimenteert de politieal mee. Dat is om te keren volgaren. Hier is er goede werd nodig, hier het mogelijk maat. Die werd is er een dag niet. Gaat de opsporing niet al te ver als er geen wetten zijn en onschuldige mensen het slacht over worden. Dit zijn exesie-tabletten die door de politie in mijn slacht zijn genomen. En die worden naar het energie-opgestuurd zodat we er hier onderzoek aan kunnen doen. Dit soort onderzoek doet het Nederlandse Forensies Institut steeds vaker met kunstmatige intelligentsie. We hebben een applicatie ontwikkeld die op basis van een foto van deze tablet kan herkennen of deze tablet met dezelfde uiterlijke kenmerkale eerder is voorgekomen in zaakonderzoek of eerder is opgestuurd naar het energie. De nul zette tablet nu op de foto. De doet hier met een microscope. En vervolgens kan hier de foto van deze tablet dan uploaden in de applicatie die we hier hebben ontwikkeld. Wat heb je uiteindelijk aan die informatie? Als we weten dat tablet met dezelfde uiterlijke kenmerk op meerderen plekken zijn voorgekomen, voor meerderen zaken zijn voorgekomen, dan is er misschien wel een verbant tussen die zaken. Dat helpt de politie dan weer om slimmeren opsporing te kunnen doen. De politie experimenteert al met AI bijvoorbeeld om sneller en gerichter in dorschees te zoeken. Dat doen we met een toel dat het aan Samantha zoeken. Dat is een stukje AI. Wij hebben zoeken naar woorden die in de tekstreliteit zijn in elkaar. Dus voor een mess is ook een steekwapen, een zwaart, een dolk. Ze zijn allemaal woorden die in Nederlandse tekstrelateren gerelateerd zijn. Omdat we vaak niet weten hoe een stuk tekst is opgeschreven in een cult-castocé is soms heel lastig om heel snel tot saakstiezen. AI gaat ook helpen in het politiewerk op straat. Bijvoorbeeld om politieauto zo effectief mogelijk achter verdachte aan te sturen. Elke minuteel terwijm vluchtend dagen, hoe snel we de voetijge positioneeren, hoe groot het de pak kan zijn. Dus hoe lang we wachten hoe verder een dagen kan zijn. Nu in een handmatig situatie is dat nu vluit de meldkamer, dat alle voetijge afzonderlijk echt plaats moeten worden. En die moet het adres doorgeven aan, daar gent die dan daarheen moet. De AI-toel kijkt straks waar de politieauto's rijden en bedenkt de beste route en bestemming om de verdachte te kunnen stoppen. Wat het systeem doet is dat die dus een optimalisatiebrekening doet in hoe snel kan dit voetijge daar zijn. En wat zet we dan daarmee dicht? Dat iedereen dus een positie krijgt en een verwachtaarheid mee krijgt. Die manierprobeerde alles strategische wegen en dicht te zetten.
2024-05-23 22:07:03,665 DEBUG:Marked email ID b'6' as seen.
2024-05-23 22:07:03,672 DEBUG:Deleted temporary audio file.
2024-05-23 22:07:13,673 DEBUG:Connecting to the mail server.
2024-05-23 22:07:13,948 DEBUG:Logged in to the mail server.
2024-05-23 22:07:14,052 DEBUG:Found 0 emails.
2024-05-23 22:07:24,057 DEBUG:Connecting to the mail server.
2024-05-23 22:07:24,291 DEBUG:Logged in to the mail server.
2024-05-23 22:07:24,381 DEBUG:Found 0 emails.
2024-05-23 22:07:34,389 DEBUG:Connecting to the mail server.
2024-05-23 22:07:34,623 DEBUG:Logged in to the mail server.
2024-05-23 22:07:34,712 DEBUG:Found 0 emails.
2024-05-23 22:07:44,727 DEBUG:Connecting to the mail server.
2024-05-23 22:07:44,937 DEBUG:Logged in to the mail server.
2024-05-23 22:07:45,032 DEBUG:Found 0 emails.
2024-05-23 22:07:55,035 DEBUG:Connecting to the mail server.
2024-05-23 22:07:55,298 DEBUG:Logged in to the mail server.
2024-05-23 22:07:55,395 DEBUG:Found 1 emails.
2024-05-23 22:07:56,428 DEBUG:Fetching email ID b'6': OK
2024-05-23 22:07:56,483 DEBUG:Found audio attachment: audio/mpeg
2024-05-23 22:07:56,513 DEBUG:Starting transcription for audio.wav.
2024-05-23 22:08:21,067 DEBUG:Transcription result:  Elke minuteel terwijm vrucht dat daar hoe snel we de voetig positieëneren. Hoe groot het de pak als is. Door AI gaat de opsporing steeds beter en sneller. We hebben een applicatie die op basis van een foto kan herkennen of deze tablet wel eerder opgestuurd naar het energie. Maar er is discussie over AI bij gezicht herkening, want daar experimenteert de politieal mee. Dat is om te keren volgaren. Hier is er goede werd nodig, hier het mogelijk maat. Die werd is er een dag niet. Gaat de opsporing niet al te ver als er geen wetten zijn en onschuldige mensen het slacht over worden. Dit zijn exesie-tabletten die door de politie in mijn slacht zijn genomen. En die worden naar het energie-opgestuurd zodat we er hier onderzoek aan kunnen doen. Dit soort onderzoek doet het Nederlandse Forensies Institut steeds vaker met kunstmatige intelligentsie. We hebben een applicatie ontwikkeld die op basis van een foto van deze tablet kan herkennen of deze tablet met dezelfde uiterlijke kenmerkale eerder is voorgekomen in zaakonderzoek of eerder is opgestuurd naar het energie. De nul zette tablet nu op de foto. De doet hier met een microscope. En vervolgens kan hier de foto van deze tablet dan uploaden in de applicatie die we hier hebben ontwikkeld. Wat heb je uiteindelijk aan die informatie? Als we weten dat tablet met dezelfde uiterlijke kenmerk op meerderen plekken zijn voorgekomen, voor meerderen zaken zijn voorgekomen, dan is er misschien wel een verbant tussen die zaken. Dat helpt de politie dan weer om slimmeren opsporing te kunnen doen. De politie experimenteert al met AI bijvoorbeeld om sneller en gerichter in dorschees te zoeken. Dat doen we met een toel dat het aan Samantha zoeken. Dat is een stukje AI. Wij hebben zoeken naar woorden die in de tekstreliteit zijn in elkaar. Dus voor een mess is ook een steekwapen, een zwaart, een dolk. Ze zijn allemaal woorden die in Nederlandse tekstrelateren gerelateerd zijn. Omdat we vaak niet weten hoe een stuk tekst is opgeschreven in een cult-castocé is soms heel lastig om heel snel tot saakstiezen. AI gaat ook helpen in het politiewerk op straat. Bijvoorbeeld om politieauto zo effectief mogelijk achter verdachte aan te sturen. Elke minuteel terwijm vluchtend dagen, hoe snel we de voetijge positioneeren, hoe groot het de pak kan zijn. Dus hoe lang we wachten hoe verder een dagen kan zijn. Nu in een handmatig situatie is dat nu vluit de meldkamer, dat alle voetijge afzonderlijk echt plaats moeten worden. En die moet het adres doorgeven aan, daar gent die dan daarheen moet. De AI-toel kijkt straks waar de politieauto's rijden en bedenkt de beste route en bestemming om de verdachte te kunnen stoppen. Wat het systeem doet is dat die dus een optimalisatiebrekening doet in hoe snel kan dit voetijge daar zijn. En wat zet we dan daarmee dicht? Dat iedereen dus een positie krijgt en een verwachtaarheid mee krijgt. Die manierprobeerde alles strategische wegen en dicht te zetten.
2024-05-23 22:08:21,109 DEBUG:Marked email ID b'6' as seen.
2024-05-23 22:08:21,118 DEBUG:Deleted temporary audio file.
2024-05-23 22:08:31,134 DEBUG:Connecting to the mail server.
2024-05-23 22:08:31,332 DEBUG:Logged in to the mail server.
2024-05-23 22:08:31,416 DEBUG:Found 0 emails.
2024-05-23 22:08:41,426 DEBUG:Connecting to the mail server.
2024-05-23 22:08:41,651 DEBUG:Logged in to the mail server.
2024-05-23 22:08:41,736 DEBUG:Found 0 emails.
2024-05-23 22:08:59,868 DEBUG:Starting the main async loop.
2024-05-23 22:08:59,873 DEBUG:Using proactor: IocpProactor
2024-05-23 22:08:59,875 DEBUG:Connecting to the mail server.
2024-05-23 22:09:00,116 DEBUG:Logged in to the mail server.
2024-05-23 22:09:00,205 DEBUG:Found 0 emails.
2024-05-23 22:09:10,208 DEBUG:Connecting to the mail server.
2024-05-23 22:09:10,441 DEBUG:Logged in to the mail server.
2024-05-23 22:09:10,535 DEBUG:Found 1 emails.
2024-05-23 22:09:11,509 DEBUG:Fetching email ID b'6': OK
2024-05-23 22:09:11,560 DEBUG:Found audio attachment: audio/mpeg
2024-05-23 22:09:11,599 DEBUG:Starting transcription for audio.wav.
2024-05-23 22:09:41,214 ERROR:General Error on part 3: object Message can't be used in 'await' expression
oetig positieëneren. Hoe groot het de pak als is. Door AI gaat de opsporing steeds beter en sneller. We hebben een applicatie die op basis van een foto kan herkennen of deze tablet wel eerder opgestuurd naar het energie. Maar er is discussie over AI bij gezicht herkening, want daar experimenteert de politieal mee. Dat is om te keren volgaren. Hier is er goede werd nodig, hier het mogelijk maat. Die werd is er een dag niet. Gaat de opsporing niet al te ver als er geen wetten zijn en onschuldige mensen het slacht over worden. Dit zijn exesie-tabletten die door de politie in mijn slacht zijn genomen. En die worden naar het energie-opgestuurd zodat we er hier onderzoek aan kunnen doen. Dit soort onderzoek doet het Nederlandse Forensies Institut steeds vaker met kunstmatige intelligentsie. We hebben een applicatie ontwikkeld die op basis van een foto van deze tablet kan herkennen of deze tablet met dezelfde uiterlijke kenmerkale eerder is voorgekomen in zaakonderzoek of eerder is opgestuurd naar het energie. De nul zette tablet nu op de foto. De doet hier met een microscope. En vervolgens kan hier de foto van deze tablet dan uploaden in de applicatie die we hier hebben ontwikkeld. Wat heb je uiteindelijk aan die informatie? Als we weten dat tablet met dezelfde uiterlijke kenmerk op meerderen plekken zijn voorgekomen, voor meerderen zaken zijn voorgekomen, dan is er misschien wel een verbant tussen die zaken. Dat helpt de politie dan weer om slimmeren opsporing te kunnen doen. De politie experimenteert al met AI bijvoorbeeld om sneller en gerichter in dorschees te zoeken. Dat doen we met een toel dat het aan Samantha zoeken. Dat is een stukje AI. Wij hebben zoeken naar woorden die in de tekstreliteit zijn in elkaar. Dus voor een mess is ook een steekwapen, een zwaart, een dolk. Ze zijn allemaal woorden die in Nederlandse tekstrelateren gerelateerd zijn. Omdat we vaak niet weten hoe een stuk tekst is opgeschreven in een cult-castocé is soms heel lastig om heel snel tot saakstiezen. AI gaat ook helpen in het politiewerk op straat. Bijvoorbeeld om politieauto zo effectief mogelijk achter verdachte aan te sturen. Elke minuteel terwijm vluchtend dagen, hoe snel we de voetijge positioneeren, hoe groot het de pak kan zijn. Dus hoe lang we wachten hoe verder een dagen kan zijn. Nu in een handmatig situatie is dat nu vluit de meldkamer, dat alle voetijge afzonderlijk echt plaats moeten worden. En die moet het adres doorgeven aan, daar gent die dan daarheen moet. De AI-toel kijkt straks waar de politieauto's rijden en bedenkt de beste route en bestemming om de verdachte te kunnen stoppen. Wat het systeem doet is dat die dus een optimalisatiebrekening doet in hoe snel kan dit voetijge daar zijn. En wat zet we dan daarmee dicht? Dat iedereen dus een positie krijgt en een verwachtaarheid mee krijgt. Die manierprobeerde alles strategische wegen en dicht te zetten.
2024-05-23 22:09:36,087 DEBUG:Entering: send_voice
2024-05-23 22:09:36,184 DEBUG:Starting new HTTPS connection (1): api.telegram.org
2024-05-23 22:09:37,940 DEBUG:https://api.telegram.org:443 "POST /bot6822832842:AAF62f0YTryeRcfGNtu0gP-kuTrW6eAQfSI/sendVoice HTTP/1.1" 200 1471
2024-05-23 22:09:37,942 DEBUG:{'message_id': 545, 'date': 1716494931, 'chat': {'id': -4185436437, 'type': 'group', 'title': 'Thuis', 'all_members_are_administrators': True}, 'entities': [], 'caption_entities': [], 'photo': [], 'voice': {'file_id': 'AwACAgQAAxkDAAICIWZPolNJ0T4cA18MhNPH4ltEG-_EAAJEFAACIYmBUt1y0XuRF81_NQQ', 'file_unique_id': 'AgADRBQAAiGJgVI', 'duration': 0, 'mime_type': 'audio/ogg', 'file_size': 2672352}, 'caption': 'Subject: [PBX] New message for mailbox 9000\nEmail Text: Teskst\nasd\nasd\nasd\nasdasdasdas\nd\n\nasdddddddddddddddddddddddddddddddddddddd\n\nTranscription:  Elke minuteel terwijm vrucht dat daar hoe snel we de voetig positieëneren. Hoe groot het de pak als is. Door AI gaat de opsporing steeds beter en sneller. We hebben een applicatie die op basis van een foto kan herkennen of deze tablet wel eerder opgestuurd naar het energie. Maar er is discussie over AI bij gezicht herkening, want daar experimenteert de politieal mee. Dat is om te keren volgaren. Hier is er goede werd nodig, hier het mogelijk maat. Die werd is er een dag niet. Gaat de opsporing niet al te ver als er geen wetten zijn en onschuldige mensen het slacht over worden. Dit zijn exesie-tabletten die door de politie in mijn slacht zijn genomen. En die worden naar het energie-opgestuurd zodat we er hier onderzoek aan kunnen doen. Dit soort onderzoek doet het Nederlandse Forensies Institut steeds vaker met kunstmatige intelligentsie. We hebben een appl', 'new_chat_members': [], 'new_chat_photo': [], 'delete_chat_photo': False, 'group_chat_created': False, 'supergroup_chat_created': False, 'channel_chat_created': False, 'from': {'id': 6822832842, 'first_name': 'Thuis305', 'is_bot': True, 'username': 'Thuis305_bot'}}
2024-05-23 22:09:37,942 DEBUG:Exiting: send_voice
2024-05-23 22:09:37,943 ERROR:General Error on part 1: object Message can't be used in 'await' expression
2024-05-23 22:09:37,945 DEBUG:Entering: send_voice
2024-05-23 22:09:39,519 DEBUG:https://api.telegram.org:443 "POST /bot6822832842:AAF62f0YTryeRcfGNtu0gP-kuTrW6eAQfSI/sendVoice HTTP/1.1" 200 1464
2024-05-23 22:09:39,521 DEBUG:{'message_id': 546, 'date': 1716494932, 'chat': {'id': -4185436437, 'type': 'group', 'title': 'Thuis', 'all_members_are_administrators': True}, 'entities': [], 'caption_entities': [], 'photo': [], 'voice': {'file_id': 'AwACAgQAAxkDAAICImZPolRZkC08LRf1NvsFnmX-FC0CAAJFFAACIYmBUsrFdgp8M_atNQQ', 'file_unique_id': 'AgADRRQAAiGJgVI', 'duration': 0, 'mime_type': 'audio/ogg', 'file_size': 2672352}, 'caption': 'icatie ontwikkeld die op basis van een foto van deze tablet kan herkennen of deze tablet met dezelfde uiterlijke kenmerkale eerder is voorgekomen in zaakonderzoek of eerder is opgestuurd naar het energie. De nul zette tablet nu op de foto. De doet hier met een microscope. En vervolgens kan hier de foto van deze tablet dan uploaden in de applicatie die we hier hebben ontwikkeld. Wat heb je uiteindelijk aan die informatie? Als we weten dat tablet met dezelfde uiterlijke kenmerk op meerderen plekken zijn voorgekomen, voor meerderen zaken zijn voorgekomen, dan is er misschien wel een verbant tussen die zaken. Dat helpt de politie dan weer om slimmeren opsporing te kunnen doen. De politie experimenteert al met AI bijvoorbeeld om sneller en gerichter in dorschees te zoeken. Dat doen we met een toel dat het aan Samantha zoeken. Dat is een stukje AI. Wij hebben zoeken naar woorden die in de tekstreliteit zijn in elkaar. Dus voor een mess is ook een steekwapen, een zwaart, een dolk. Ze zijn allemaal woorden die in Ned', 'new_chat_members': [], 'new_chat_photo': [], 'delete_chat_photo': False, 'group_chat_created': False, 'supergroup_chat_created': False, 'channel_chat_created': False, 'from': {'id': 6822832842, 'first_name': 'Thuis305', 'is_bot': True, 'username': 'Thuis305_bot'}}
2024-05-23 22:09:39,523 DEBUG:Exiting: send_voice
2024-05-23 22:09:39,525 ERROR:General Error on part 2: object Message can't be used in 'await' expression
2024-05-23 22:09:39,527 DEBUG:Entering: send_voice
2024-05-23 22:09:41,209 DEBUG:https://api.telegram.org:443 "POST /bot6822832842:AAF62f0YTryeRcfGNtu0gP-kuTrW6eAQfSI/sendVoice HTTP/1.1" 200 1469
2024-05-23 22:09:41,210 DEBUG:{'message_id': 547, 'date': 1716494934, 'chat': {'id': -4185436437, 'type': 'group', 'title': 'Thuis', 'all_members_are_administrators': True}, 'entities': [], 'caption_entities': [], 'photo': [], 'voice': {'file_id': 'AwACAgQAAxkDAAICI2ZPolZKhb3164LyOwfJ3Bl2esmOAAJGFAACIYmBUiPITTL375T_NQQ', 'file_unique_id': 'AgADRhQAAiGJgVI', 'duration': 0, 'mime_type': 'audio/ogg', 'file_size': 2672352}, 'caption': "erlandse tekstrelateren gerelateerd zijn. Omdat we vaak niet weten hoe een stuk tekst is opgeschreven in een cult-castocé is soms heel lastig om heel snel tot saakstiezen. AI gaat ook helpen in het politiewerk op straat. Bijvoorbeeld om politieauto zo effectief mogelijk achter verdachte aan te sturen. Elke minuteel terwijm vluchtend dagen, hoe snel we de voetijge positioneeren, hoe groot het de pak kan zijn. Dus hoe lang we wachten hoe verder een dagen kan zijn. Nu in een handmatig situatie is dat nu vluit de meldkamer, dat alle voetijge afzonderlijk echt plaats moeten worden. En die moet het adres doorgeven aan, daar gent die dan daarheen moet. De AI-toel kijkt straks waar de politieauto's rijden en bedenkt de beste route en bestemming om de verdachte te kunnen stoppen. Wat het systeem doet is dat die dus een optimalisatiebrekening doet in hoe snel kan dit voetijge daar zijn. En wat zet we dan daarmee dicht? Dat iedereen dus een positie krijgt en een verwachtaarheid mee krijgt. Die manierprobeerde alles stra", 'new_chat_members': [], 'new_chat_photo': [], 'delete_chat_photo': False, 'group_chat_created': False, 'supergroup_chat_created': False, 'channel_chat_created': False, 'from': {'id': 6822832842, 'first_name': 'Thuis305', 'is_bot': True, 'username': 'Thuis305_bot'}}
2024-05-23 22:09:41,211 DEBUG:Exiting: send_voice
2024-05-23 22:09:41,218 DEBUG:Entering: send_voice
2024-05-23 22:09:42,730 DEBUG:https://api.telegram.org:443 "POST /bot6822832842:AAF62f0YTryeRcfGNtu0gP-kuTrW6eAQfSI/sendVoice HTTP/1.1" 200 474
2024-05-23 22:09:42,731 DEBUG:{'message_id': 548, 'date': 1716494936, 'chat': {'id': -4185436437, 'type': 'group', 'title': 'Thuis', 'all_members_are_administrators': True}, 'entities': [], 'caption_entities': [], 'photo': [], 'voice': {'file_id': 'AwACAgQAAxkDAAICJGZPole1eygayRKFVY8n2iNRnDqOAAJHFAACIYmBUvHx-F5OwjMNNQQ', 'file_unique_id': 'AgADRxQAAiGJgVI', 'duration': 0, 'mime_type': 'audio/ogg', 'file_size': 2672352}, 'caption': 'tegische wegen en dicht te zetten.', 'new_chat_members': [], 'new_chat_photo': [], 'delete_chat_photo': False, 'group_chat_created': False, 'supergroup_chat_created': False, 'channel_chat_created': False, 'from': {'id': 6822832842, 'first_name': 'Thuis305', 'is_bot': True, 'username': 'Thuis305_bot'}}
2024-05-23 22:09:42,733 DEBUG:Exiting: send_voice
2024-05-23 22:09:42,733 ERROR:General Error on part 4: object Message can't be used in 'await' expression
2024-05-23 22:09:42,775 DEBUG:Marked email ID b'6' as seen.
2024-05-23 22:09:42,780 DEBUG:Deleted temporary audio file.
2024-05-23 22:09:52,791 DEBUG:Connecting to the mail server.
2024-05-23 22:09:53,031 DEBUG:Logged in to the mail server.
2024-05-23 22:09:53,120 DEBUG:Found 0 emails.
2024-05-23 22:10:03,137 DEBUG:Connecting to the mail server.
2024-05-23 22:10:03,373 DEBUG:Logged in to the mail server.
2024-05-23 22:10:03,463 DEBUG:Found 0 emails.
2024-05-23 22:10:13,469 DEBUG:Connecting to the mail server.
2024-05-23 22:10:13,707 DEBUG:Logged in to the mail server.
2024-05-23 22:10:13,790 DEBUG:Found 0 emails.
2024-05-23 22:10:23,794 DEBUG:Connecting to the mail server.
2024-05-23 22:10:24,023 DEBUG:Logged in to the mail server.
2024-05-23 22:10:24,118 DEBUG:Found 0 emails.
2024-05-23 22:10:34,125 DEBUG:Connecting to the mail server.
2024-05-23 22:10:34,365 DEBUG:Logged in to the mail server.
2024-05-23 22:10:34,464 DEBUG:Found 0 emails.
2024-05-23 22:10:44,478 DEBUG:Connecting to the mail server.
2024-05-23 22:10:44,701 DEBUG:Logged in to the mail server.
2024-05-23 22:10:44,789 DEBUG:Found 0 emails.
2024-05-23 22:10:54,798 DEBUG:Connecting to the mail server.
2024-05-23 22:10:55,051 DEBUG:Logged in to the mail server.
2024-05-23 22:10:55,145 DEBUG:Found 0 emails.
2024-05-23 22:11:05,149 DEBUG:Connecting to the mail server.
2024-05-23 22:11:05,341 DEBUG:Logged in to the mail server.
2024-05-23 22:11:05,440 DEBUG:Found 0 emails.
2024-05-23 22:11:15,454 DEBUG:Connecting to the mail server.
2024-05-23 22:11:15,686 DEBUG:Logged in to the mail server.
2024-05-23 22:11:15,767 DEBUG:Found 0 emails.
2024-05-23 22:11:25,782 DEBUG:Connecting to the mail server.
2024-05-23 22:11:26,015 DEBUG:Logged in to the mail server.
2024-05-23 22:11:26,102 DEBUG:Found 0 emails.
2024-05-23 22:11:36,105 DEBUG:Connecting to the mail server.
2024-05-23 22:11:36,332 DEBUG:Logged in to the mail server.
2024-05-23 22:11:36,416 DEBUG:Found 0 emails.
2024-05-23 22:11:46,428 DEBUG:Connecting to the mail server.
2024-05-23 22:11:46,619 DEBUG:Logged in to the mail server.
2024-05-23 22:11:46,705 DEBUG:Found 0 emails.
2024-05-23 22:11:53,375 DEBUG:Starting the main async loop.
2024-05-23 22:11:53,379 DEBUG:Using proactor: IocpProactor
2024-05-23 22:11:53,380 DEBUG:Connecting to the mail server.
2024-05-23 22:11:53,587 DEBUG:Logged in to the mail server.
2024-05-23 22:11:53,671 DEBUG:Found 1 emails.
2024-05-23 22:11:54,416 DEBUG:Fetching email ID b'6': OK
2024-05-23 22:11:54,479 DEBUG:Found audio attachment: audio/mpeg
2024-05-23 22:11:54,519 DEBUG:Starting transcription for audio.wav.
2024-05-23 22:12:21,212 DEBUG:Transcription result:  Elke minuteel terwijm vrucht dat daar hoe snel we de voetig positieëneren. Hoe groot het de pak als is. Door AI gaat de opsporing steeds beter en sneller. We hebben een applicatie die op basis van een foto kan herkennen of deze tablet wel eerder opgestuurd naar het energie. Maar er is discussie over AI bij gezicht herkening, want daar experimenteert de politieal mee. Dat is om te keren volgaren. Hier is er goede werd nodig, hier het mogelijk maat. Die werd is er een dag niet. Gaat de opsporing niet al te ver als er geen wetten zijn en onschuldige mensen het slacht over worden. Dit zijn exesie-tabletten die door de politie in mijn slacht zijn genomen. En die worden naar het energie-opgestuurd zodat we er hier onderzoek aan kunnen doen. Dit soort onderzoek doet het Nederlandse Forensies Institut steeds vaker met kunstmatige intelligentsie. We hebben een applicatie ontwikkeld die op basis van een foto van deze tablet kan herkennen of deze tablet met dezelfde uiterlijke kenmerkale eerder is voorgekomen in zaakonderzoek of eerder is opgestuurd naar het energie. De nul zette tablet nu op de foto. De doet hier met een microscope. En vervolgens kan hier de foto van deze tablet dan uploaden in de applicatie die we hier hebben ontwikkeld. Wat heb je uiteindelijk aan die informatie? Als we weten dat tablet met dezelfde uiterlijke kenmerk op meerderen plekken zijn voorgekomen, voor meerderen zaken zijn voorgekomen, dan is er misschien wel een verbant tussen die zaken. Dat helpt de politie dan weer om slimmeren opsporing te kunnen doen. De politie experimenteert al met AI bijvoorbeeld om sneller en gerichter in dorschees te zoeken. Dat doen we met een toel dat het aan Samantha zoeken. Dat is een stukje AI. Wij hebben zoeken naar woorden die in de tekstreliteit zijn in elkaar. Dus voor een mess is ook een steekwapen, een zwaart, een dolk. Ze zijn allemaal woorden die in Nederlandse tekstrelateren gerelateerd zijn. Omdat we vaak niet weten hoe een stuk tekst is opgeschreven in een cult-castocé is soms heel lastig om heel snel tot saakstiezen. AI gaat ook helpen in het politiewerk op straat. Bijvoorbeeld om politieauto zo effectief mogelijk achter verdachte aan te sturen. Elke minuteel terwijm vluchtend dagen, hoe snel we de voetijge positioneeren, hoe groot het de pak kan zijn. Dus hoe lang we wachten hoe verder een dagen kan zijn. Nu in een handmatig situatie is dat nu vluit de meldkamer, dat alle voetijge afzonderlijk echt plaats moeten worden. En die moet het adres doorgeven aan, daar gent die dan daarheen moet. De AI-toel kijkt straks waar de politieauto's rijden en bedenkt de beste route en bestemming om de verdachte te kunnen stoppen. Wat het systeem doet is dat die dus een optimalisatiebrekening doet in hoe snel kan dit voetijge daar zijn. En wat zet we dan daarmee dicht? Dat iedereen dus een positie krijgt en een verwachtaarheid mee krijgt. Die manierprobeerde alles strategische wegen en dicht te zetten.
2024-05-23 22:12:21,214 DEBUG:Entering: send_voice
2024-05-23 22:12:21,281 DEBUG:Starting new HTTPS connection (1): api.telegram.org
2024-05-23 22:12:23,136 DEBUG:https://api.telegram.org:443 "POST /bot6822832842:AAF62f0YTryeRcfGNtu0gP-kuTrW6eAQfSI/sendVoice HTTP/1.1" 200 1471
2024-05-23 22:12:23,138 DEBUG:{'message_id': 549, 'date': 1716495096, 'chat': {'id': -4185436437, 'type': 'group', 'title': 'Thuis', 'all_members_are_administrators': True}, 'entities': [], 'caption_entities': [], 'photo': [], 'voice': {'file_id': 'AwACAgQAAxkDAAICJWZPovh5G2aRtFSI-LW89qKVh049AAJMFAACIYmBUlQ1QHNclh7ENQQ', 'file_unique_id': 'AgADTBQAAiGJgVI', 'duration': 0, 'mime_type': 'audio/ogg', 'file_size': 2672352}, 'caption': 'Subject: [PBX] New message for mailbox 9000\nEmail Text: Teskst\nasd\nasd\nasd\nasdasdasdas\nd\n\nasdddddddddddddddddddddddddddddddddddddd\n\nTranscription:  Elke minuteel terwijm vrucht dat daar hoe snel we de voetig positieëneren. Hoe groot het de pak als is. Door AI gaat de opsporing steeds beter en sneller. We hebben een applicatie die op basis van een foto kan herkennen of deze tablet wel eerder opgestuurd naar het energie. Maar er is discussie over AI bij gezicht herkening, want daar experimenteert de politieal mee. Dat is om te keren volgaren. Hier is er goede werd nodig, hier het mogelijk maat. Die werd is er een dag niet. Gaat de opsporing niet al te ver als er geen wetten zijn en onschuldige mensen het slacht over worden. Dit zijn exesie-tabletten die door de politie in mijn slacht zijn genomen. En die worden naar het energie-opgestuurd zodat we er hier onderzoek aan kunnen doen. Dit soort onderzoek doet het Nederlandse Forensies Institut steeds vaker met kunstmatige intelligentsie. We hebben een appl', 'new_chat_members': [], 'new_chat_photo': [], 'delete_chat_photo': False, 'group_chat_created': False, 'supergroup_chat_created': False, 'channel_chat_created': False, 'from': {'id': 6822832842, 'first_name': 'Thuis305', 'is_bot': True, 'username': 'Thuis305_bot'}}
2024-05-23 22:12:23,139 DEBUG:Exiting: send_voice
2024-05-23 22:12:23,140 ERROR:General Error on part 1: object Message can't be used in 'await' expression
2024-05-23 22:12:23,143 DEBUG:Entering: send_voice
2024-05-23 22:12:24,621 DEBUG:https://api.telegram.org:443 "POST /bot6822832842:AAF62f0YTryeRcfGNtu0gP-kuTrW6eAQfSI/sendVoice HTTP/1.1" 200 1464
2024-05-23 22:12:24,623 DEBUG:{'message_id': 550, 'date': 1716495097, 'chat': {'id': -4185436437, 'type': 'group', 'title': 'Thuis', 'all_members_are_administrators': True}, 'entities': [], 'caption_entities': [], 'photo': [], 'voice': {'file_id': 'AwACAgQAAxkDAAICJmZPovmtA2PxgmqZs-gwYhGzkSLnAAJNFAACIYmBUuovBHxjJ0WaNQQ', 'file_unique_id': 'AgADTRQAAiGJgVI', 'duration': 0, 'mime_type': 'audio/ogg', 'file_size': 2672352}, 'caption': 'icatie ontwikkeld die op basis van een foto van deze tablet kan herkennen of deze tablet met dezelfde uiterlijke kenmerkale eerder is voorgekomen in zaakonderzoek of eerder is opgestuurd naar het energie. De nul zette tablet nu op de foto. De doet hier met een microscope. En vervolgens kan hier de foto van deze tablet dan uploaden in de applicatie die we hier hebben ontwikkeld. Wat heb je uiteindelijk aan die informatie? Als we weten dat tablet met dezelfde uiterlijke kenmerk op meerderen plekken zijn voorgekomen, voor meerderen zaken zijn voorgekomen, dan is er misschien wel een verbant tussen die zaken. Dat helpt de politie dan weer om slimmeren opsporing te kunnen doen. De politie experimenteert al met AI bijvoorbeeld om sneller en gerichter in dorschees te zoeken. Dat doen we met een toel dat het aan Samantha zoeken. Dat is een stukje AI. Wij hebben zoeken naar woorden die in de tekstreliteit zijn in elkaar. Dus voor een mess is ook een steekwapen, een zwaart, een dolk. Ze zijn allemaal woorden die in Ned', 'new_chat_members': [], 'new_chat_photo': [], 'delete_chat_photo': False, 'group_chat_created': False, 'supergroup_chat_created': False, 'channel_chat_created': False, 'from': {'id': 6822832842, 'first_name': 'Thuis305', 'is_bot': True, 'username': 'Thuis305_bot'}}
2024-05-23 22:12:24,623 DEBUG:Exiting: send_voice
2024-05-23 22:12:24,625 ERROR:General Error on part 2: object Message can't be used in 'await' expression
2024-05-23 22:12:24,626 DEBUG:Entering: send_voice
2024-05-23 22:12:26,301 DEBUG:https://api.telegram.org:443 "POST /bot6822832842:AAF62f0YTryeRcfGNtu0gP-kuTrW6eAQfSI/sendVoice HTTP/1.1" 200 1469
2024-05-23 22:12:26,302 DEBUG:{'message_id': 551, 'date': 1716495099, 'chat': {'id': -4185436437, 'type': 'group', 'title': 'Thuis', 'all_members_are_administrators': True}, 'entities': [], 'caption_entities': [], 'photo': [], 'voice': {'file_id': 'AwACAgQAAxkDAAICJ2ZPovsd1awyASJoXrQ5Q9OuwSU4AAJOFAACIYmBUqA_7Ly3472LNQQ', 'file_unique_id': 'AgADThQAAiGJgVI', 'duration': 0, 'mime_type': 'audio/ogg', 'file_size': 2672352}, 'caption': "erlandse tekstrelateren gerelateerd zijn. Omdat we vaak niet weten hoe een stuk tekst is opgeschreven in een cult-castocé is soms heel lastig om heel snel tot saakstiezen. AI gaat ook helpen in het politiewerk op straat. Bijvoorbeeld om politieauto zo effectief mogelijk achter verdachte aan te sturen. Elke minuteel terwijm vluchtend dagen, hoe snel we de voetijge positioneeren, hoe groot het de pak kan zijn. Dus hoe lang we wachten hoe verder een dagen kan zijn. Nu in een handmatig situatie is dat nu vluit de meldkamer, dat alle voetijge afzonderlijk echt plaats moeten worden. En die moet het adres doorgeven aan, daar gent die dan daarheen moet. De AI-toel kijkt straks waar de politieauto's rijden en bedenkt de beste route en bestemming om de verdachte te kunnen stoppen. Wat het systeem doet is dat die dus een optimalisatiebrekening doet in hoe snel kan dit voetijge daar zijn. En wat zet we dan daarmee dicht? Dat iedereen dus een positie krijgt en een verwachtaarheid mee krijgt. Die manierprobeerde alles stra", 'new_chat_members': [], 'new_chat_photo': [], 'delete_chat_photo': False, 'group_chat_created': False, 'supergroup_chat_created': False, 'channel_chat_created': False, 'from': {'id': 6822832842, 'first_name': 'Thuis305', 'is_bot': True, 'username': 'Thuis305_bot'}}
2024-05-23 22:12:26,303 DEBUG:Exiting: send_voice
2024-05-23 22:12:26,305 ERROR:General Error on part 3: object Message can't be used in 'await' expression
2024-05-23 22:12:26,306 DEBUG:Entering: send_voice
2024-05-23 22:12:27,815 DEBUG:https://api.telegram.org:443 "POST /bot6822832842:AAF62f0YTryeRcfGNtu0gP-kuTrW6eAQfSI/sendVoice HTTP/1.1" 200 474
2024-05-23 22:12:27,817 DEBUG:{'message_id': 552, 'date': 1716495101, 'chat': {'id': -4185436437, 'type': 'group', 'title': 'Thuis', 'all_members_are_administrators': True}, 'entities': [], 'caption_entities': [], 'photo': [], 'voice': {'file_id': 'AwACAgQAAxkDAAICKGZPovzUFd2cVPMKxnQVgEGZqEWeAAJPFAACIYmBUvd_6vxgdKirNQQ', 'file_unique_id': 'AgADTxQAAiGJgVI', 'duration': 0, 'mime_type': 'audio/ogg', 'file_size': 2672352}, 'caption': 'tegische wegen en dicht te zetten.', 'new_chat_members': [], 'new_chat_photo': [], 'delete_chat_photo': False, 'group_chat_created': False, 'supergroup_chat_created': False, 'channel_chat_created': False, 'from': {'id': 6822832842, 'first_name': 'Thuis305', 'is_bot': True, 'username': 'Thuis305_bot'}}
2024-05-23 22:12:27,818 DEBUG:Exiting: send_voice
2024-05-23 22:12:27,820 ERROR:General Error on part 4: object Message can't be used in 'await' expression
2024-05-23 22:12:27,865 DEBUG:Marked email ID b'6' as seen.
2024-05-23 22:12:27,876 DEBUG:Deleted temporary audio file.
2024-05-23 22:12:37,882 DEBUG:Connecting to the mail server.
2024-05-23 22:12:38,134 DEBUG:Logged in to the mail server.
2024-05-23 22:12:38,219 DEBUG:Found 0 emails.
2024-05-23 22:12:48,227 DEBUG:Connecting to the mail server.
2024-05-23 22:12:48,462 DEBUG:Logged in to the mail server.
2024-05-23 22:12:48,547 DEBUG:Found 0 emails.
2024-05-23 22:12:58,561 DEBUG:Connecting to the mail server.
2024-05-23 22:12:58,755 DEBUG:Logged in to the mail server.
2024-05-23 22:12:58,849 DEBUG:Found 0 emails.
